<?xml version="1.0" encoding="UTF-8"?>
<testsuite name="com.company.sample.springboot.web.IndexControllerTest" tests="1" skipped="0" failures="0" errors="0" timestamp="2021-08-26T05:36:55" hostname="172-16-20-19" time="0.12">
  <properties/>
  <testcase name="mainLoadTest" classname="com.company.sample.springboot.web.IndexControllerTest" time="0.12"/>
  <system-out><![CDATA[2021-08-26 14:36:55.713  INFO 19696 --- [    Test worker] .b.t.c.SpringBootTestContextBootstrapper : Neither @ContextConfiguration nor @ContextHierarchy found for test class [com.company.sample.springboot.web.IndexControllerTest], using SpringBootContextLoader
2021-08-26 14:36:55.713  INFO 19696 --- [    Test worker] o.s.t.c.support.AbstractContextLoader    : Could not detect default resource locations for test class [com.company.sample.springboot.web.IndexControllerTest]: no resource found for suffixes {-context.xml, Context.groovy}.
2021-08-26 14:36:55.713  INFO 19696 --- [    Test worker] t.c.s.AnnotationConfigContextLoaderUtils : Could not detect default configuration classes for test class [com.company.sample.springboot.web.IndexControllerTest]: IndexControllerTest does not declare any static, non-private, non-final, nested classes annotated with @Configuration.
2021-08-26 14:36:55.713  INFO 19696 --- [    Test worker] .b.t.c.SpringBootTestContextBootstrapper : Found @SpringBootConfiguration com.company.sample.springboot.Application for test class com.company.sample.springboot.web.IndexControllerTest
2021-08-26 14:36:55.713  INFO 19696 --- [    Test worker] .b.t.c.SpringBootTestContextBootstrapper : Loaded default TestExecutionListener class names from location [META-INF/spring.factories]: [org.springframework.security.test.context.support.WithSecurityContextTestExecutionListener, org.springframework.security.test.context.support.ReactorContextTestExecutionListener, org.springframework.boot.test.autoconfigure.restdocs.RestDocsTestExecutionListener, org.springframework.boot.test.autoconfigure.web.client.MockRestServiceServerResetTestExecutionListener, org.springframework.boot.test.autoconfigure.web.servlet.MockMvcPrintOnlyOnFailureTestExecutionListener, org.springframework.boot.test.autoconfigure.web.servlet.WebDriverTestExecutionListener, org.springframework.boot.test.mock.mockito.MockitoTestExecutionListener, org.springframework.boot.test.mock.mockito.ResetMocksTestExecutionListener, org.springframework.test.context.web.ServletTestExecutionListener, org.springframework.test.context.support.DirtiesContextBeforeModesTestExecutionListener, org.springframework.test.context.support.DependencyInjectionTestExecutionListener, org.springframework.test.context.support.DirtiesContextTestExecutionListener, org.springframework.test.context.transaction.TransactionalTestExecutionListener, org.springframework.test.context.jdbc.SqlScriptsTestExecutionListener]
2021-08-26 14:36:55.713  INFO 19696 --- [    Test worker] .b.t.c.SpringBootTestContextBootstrapper : Using TestExecutionListeners: [org.springframework.test.context.web.ServletTestExecutionListener@3ae4a7f5, org.springframework.test.context.support.DirtiesContextBeforeModesTestExecutionListener@48d55287, org.springframework.boot.test.mock.mockito.MockitoTestExecutionListener@421b94fe, org.springframework.boot.test.autoconfigure.SpringBootDependencyInjectionTestExecutionListener@59b23fd, org.springframework.test.context.support.DirtiesContextTestExecutionListener@1a5fe7b4, org.springframework.test.context.transaction.TransactionalTestExecutionListener@787cdf12, org.springframework.test.context.jdbc.SqlScriptsTestExecutionListener@665e1887, org.springframework.security.test.context.support.WithSecurityContextTestExecutionListener@3a865b7a, org.springframework.security.test.context.support.ReactorContextTestExecutionListener@5f8179d9, org.springframework.boot.test.autoconfigure.restdocs.RestDocsTestExecutionListener@411bb974, org.springframework.boot.test.autoconfigure.web.client.MockRestServiceServerResetTestExecutionListener@57170bf0, org.springframework.boot.test.autoconfigure.web.servlet.MockMvcPrintOnlyOnFailureTestExecutionListener@5f42c7e3, org.springframework.boot.test.autoconfigure.web.servlet.WebDriverTestExecutionListener@b592263, org.springframework.boot.test.mock.mockito.ResetMocksTestExecutionListener@1715fa65]
2021-08-26 14:36:55.791  INFO 19696 --- [o-auto-1-exec-1] o.a.c.c.C.[Tomcat].[localhost].[/]       : Initializing Spring DispatcherServlet 'dispatcherServlet'
2021-08-26 14:36:55.791  INFO 19696 --- [o-auto-1-exec-1] o.s.web.servlet.DispatcherServlet        : Initializing Servlet 'dispatcherServlet'
2021-08-26 14:36:55.791  INFO 19696 --- [o-auto-1-exec-1] o.s.web.servlet.DispatcherServlet        : Completed initialization in 0 ms
Hibernate: select posts0_.id as id1_0_, posts0_.created_date as created_2_0_, posts0_.modified_date as modified3_0_, posts0_.author as author4_0_, posts0_.content as content5_0_, posts0_.title as title6_0_ from posts posts0_ order by posts0_.id DESC
]]></system-out>
  <system-err><![CDATA[]]></system-err>
</testsuite>
